[2023-04-25 13:13:15.822 +07:00  INF]  User profile is available. Using 'C:\Users\anhth\AppData\Local\ASP.NET\DataProtection-Keys' as key repository and Windows DPAPI to encrypt keys at rest.
[2023-04-25 13:13:16.480 +07:00  INF]  Now listening on: https://localhost:7251
[2023-04-25 13:13:16.483 +07:00  INF]  Now listening on: http://localhost:5297
[2023-04-25 13:13:16.502 +07:00  INF]  Application started. Press Ctrl+C to shut down.
[2023-04-25 13:13:16.506 +07:00  INF]  Hosting environment: Development
[2023-04-25 13:13:16.509 +07:00  INF]  Content root path: E:\INTERNSHIP\Internship-Training\src\TitanWeb\
[2023-04-25 13:13:19.219 +07:00  INF]  Request starting HTTP/2 GET https://localhost:7251/ - -
[2023-04-25 13:13:23.806 +07:00  INF]  No SPA development server running at https://localhost:44467 found.
[2023-04-25 13:13:24.053 +07:00  INF]  SPA proxy is not ready. Returning temporary landing page.
[2023-04-25 13:13:24.078 +07:00  INF]  Request finished HTTP/2 GET https://localhost:7251/ - - - 200 - text/html 4888.2994ms
[2023-04-25 13:13:25.997 +07:00  INF]  Request starting HTTP/2 GET https://localhost:7251/favicon.ico - -
[2023-04-25 13:13:26.397 +07:00  INF]  Request finished HTTP/2 GET https://localhost:7251/favicon.ico - - - 403 - - 400.5301ms
[2023-04-25 13:13:29.081 +07:00  INF]  Request starting HTTP/2 GET https://localhost:7251/ - -
[2023-04-25 13:13:33.312 +07:00  INF]  SPA proxy is not ready. Returning temporary landing page.
[2023-04-25 13:13:33.313 +07:00  INF]  Request finished HTTP/2 GET https://localhost:7251/ - - - 200 - text/html 4231.8964ms
[2023-04-25 13:13:35.663 +07:00  INF]  Request starting HTTP/2 GET https://localhost:7251/favicon.ico - -
[2023-04-25 13:13:35.668 +07:00  INF]  Request finished HTTP/2 GET https://localhost:7251/favicon.ico - - - 403 - - 4.3774ms
[2023-04-25 13:13:38.647 +07:00  INF]  Request starting HTTP/2 GET https://localhost:7251/ - -
[2023-04-25 13:13:42.713 +07:00  INF]  SPA proxy is not ready. Returning temporary landing page.
[2023-04-25 13:13:42.713 +07:00  INF]  Request finished HTTP/2 GET https://localhost:7251/ - - - 200 - text/html 4066.6835ms
[2023-04-25 13:13:43.794 +07:00  INF]  Request starting HTTP/2 GET https://localhost:7251/favicon.ico - -
[2023-04-25 13:13:43.797 +07:00  INF]  Request finished HTTP/2 GET https://localhost:7251/favicon.ico - - - 403 - - 3.4569ms
[2023-04-25 13:13:46.793 +07:00  INF]  Request starting HTTP/2 GET https://localhost:7251/ - -
[2023-04-25 13:13:50.895 +07:00  INF]  SPA proxy is not ready. Returning temporary landing page.
[2023-04-25 13:13:50.895 +07:00  INF]  Request finished HTTP/2 GET https://localhost:7251/ - - - 200 - text/html 4102.3709ms
[2023-04-25 13:13:51.415 +07:00  INF]  Request starting HTTP/2 GET https://localhost:7251/favicon.ico - -
[2023-04-25 13:13:51.415 +07:00  INF]  Request finished HTTP/2 GET https://localhost:7251/favicon.ico - - - 403 - - 0.6467ms
[2023-04-25 13:13:54.425 +07:00  INF]  Request starting HTTP/2 GET https://localhost:7251/ - -
[2023-04-25 13:13:58.528 +07:00  INF]  SPA proxy is not ready. Returning temporary landing page.
[2023-04-25 13:13:58.528 +07:00  INF]  Request finished HTTP/2 GET https://localhost:7251/ - - - 200 - text/html 4103.2199ms
[2023-04-25 13:13:59.021 +07:00  INF]  Request starting HTTP/2 GET https://localhost:7251/favicon.ico - -
[2023-04-25 13:13:59.022 +07:00  INF]  Request finished HTTP/2 GET https://localhost:7251/favicon.ico - - - 403 - - 1.6553ms
[2023-04-25 13:14:02.022 +07:00  INF]  Request starting HTTP/2 GET https://localhost:7251/ - -
[2023-04-25 13:14:06.106 +07:00  INF]  SPA proxy is not ready. Returning temporary landing page.
[2023-04-25 13:14:06.107 +07:00  INF]  Request finished HTTP/2 GET https://localhost:7251/ - - - 200 - text/html 4084.0541ms
[2023-04-25 13:14:06.887 +07:00  INF]  Request starting HTTP/2 GET https://localhost:7251/favicon.ico - -
[2023-04-25 13:14:06.888 +07:00  INF]  Request finished HTTP/2 GET https://localhost:7251/favicon.ico - - - 403 - - 0.7541ms
[2023-04-25 13:14:09.902 +07:00  INF]  Request starting HTTP/2 GET https://localhost:7251/ - -
[2023-04-25 13:14:14.013 +07:00  INF]  SPA proxy is not ready. Returning temporary landing page.
[2023-04-25 13:14:14.013 +07:00  INF]  Request finished HTTP/2 GET https://localhost:7251/ - - - 200 - text/html 4111.6202ms
[2023-04-25 13:14:14.601 +07:00  INF]  Request starting HTTP/2 GET https://localhost:7251/favicon.ico - -
[2023-04-25 13:14:14.602 +07:00  INF]  Request finished HTTP/2 GET https://localhost:7251/favicon.ico - - - 403 - - 0.5508ms
[2023-04-25 13:14:16.012 +07:00  INF]  Request starting HTTP/1.1 GET https://localhost:7251/api/post/typeWithPagination/1 - -
[2023-04-25 13:14:16.059 +07:00  INF]  Executing endpoint 'TitanWeb.Controllers.PostController.GetPostByTypeWithPagination (TitanWeb)'
[2023-04-25 13:14:16.143 +07:00  INF]  Route matched with {action = "GetPostByTypeWithPagination", controller = "Post"}. Executing controller action with signature System.Threading.Tasks.Task`1[Microsoft.AspNetCore.Mvc.IActionResult] GetPostByTypeWithPagination(Int32, ApplicationCore.Filer.PaginationFilter) on controller TitanWeb.Controllers.PostController (TitanWeb).
[2023-04-25 13:14:17.512 +07:00  INF]  Get Post By Type support Pagination executing...
[2023-04-25 13:14:17.614 +07:00  INF]  Request starting HTTP/2 GET https://localhost:7251/ - -
[2023-04-25 13:14:21.678 +07:00  INF]  SPA proxy is not ready. Returning temporary landing page.
[2023-04-25 13:14:21.678 +07:00  INF]  Request finished HTTP/2 GET https://localhost:7251/ - - - 200 - text/html 4064.4197ms
[2023-04-25 13:14:22.382 +07:00  INF]  Executed DbCommand (306ms) [Parameters=[], CommandType='"Text"', CommandTimeout='30']
SELECT [p].[Id], [p].[Author], [p].[CreatedTime], [p].[FullDescription], [p].[Image], [p].[ShortDescription], [p].[Title], [p].[Type], [p].[Url]
FROM [Post] AS [p]
[2023-04-25 13:14:22.655 +07:00  INF]  Request starting HTTP/2 GET https://localhost:7251/favicon.ico - -
[2023-04-25 13:14:22.655 +07:00  INF]  Request finished HTTP/2 GET https://localhost:7251/favicon.ico - - - 403 - - 0.5946ms
[2023-04-25 13:14:22.790 +07:00  INF]  Executed DbCommand (6ms) [Parameters=[], CommandType='"Text"', CommandTimeout='30']
SELECT [p].[Id], [p].[Author], [p].[CreatedTime], [p].[FullDescription], [p].[Image], [p].[ShortDescription], [p].[Title], [p].[Type], [p].[Url]
FROM [Post] AS [p]
[2023-04-25 13:14:22.841 +07:00  INF]  Executing OkObjectResult, writing value of type 'ApplicationCore.Wrappers.PagedResponse`1[[System.Collections.Generic.IEnumerable`1[[ApplicationCore.Entities.Post, ApplicationCore, Version=1.0.0.0, Culture=neutral, PublicKeyToken=null]], System.Private.CoreLib, Version=6.0.0.0, Culture=neutral, PublicKeyToken=7cec85d7bea7798e]]'.
[2023-04-25 13:14:23.202 +07:00  INF]  Executed action TitanWeb.Controllers.PostController.GetPostByTypeWithPagination (TitanWeb) in 7047.9227ms
[2023-04-25 13:14:23.204 +07:00  INF]  Executed endpoint 'TitanWeb.Controllers.PostController.GetPostByTypeWithPagination (TitanWeb)'
[2023-04-25 13:14:23.226 +07:00  INF]  Request finished HTTP/1.1 GET https://localhost:7251/api/post/typeWithPagination/1 - - - 200 - application/json;+charset=utf-8 7213.3283ms
[2023-04-25 13:14:25.667 +07:00  INF]  Request starting HTTP/2 GET https://localhost:7251/ - -
[2023-04-25 13:14:29.778 +07:00  INF]  SPA proxy is not ready. Returning temporary landing page.
[2023-04-25 13:14:29.778 +07:00  INF]  Request finished HTTP/2 GET https://localhost:7251/ - - - 200 - text/html 4111.3074ms
[2023-04-25 13:14:30.299 +07:00  INF]  Request starting HTTP/2 GET https://localhost:7251/favicon.ico - -
[2023-04-25 13:14:30.300 +07:00  INF]  Request finished HTTP/2 GET https://localhost:7251/favicon.ico - - - 403 - - 0.6640ms
[2023-04-25 13:14:33.294 +07:00  INF]  Request starting HTTP/2 GET https://localhost:7251/ - -
[2023-04-25 13:14:37.367 +07:00  INF]  SPA proxy is not ready. Returning temporary landing page.
[2023-04-25 13:14:37.367 +07:00  INF]  Request finished HTTP/2 GET https://localhost:7251/ - - - 200 - text/html 4073.6520ms
[2023-04-25 13:14:37.937 +07:00  INF]  Request starting HTTP/2 GET https://localhost:7251/favicon.ico - -
[2023-04-25 13:14:37.937 +07:00  INF]  Request finished HTTP/2 GET https://localhost:7251/favicon.ico - - - 403 - - 0.5948ms
[2023-04-25 13:14:40.930 +07:00  INF]  Request starting HTTP/2 GET https://localhost:7251/ - -
[2023-04-25 13:14:41.287 +07:00  INF]  Request starting HTTP/1.1 GET https://localhost:7251/api/post/typeWithPagination/3 - -
[2023-04-25 13:14:41.289 +07:00  INF]  Executing endpoint 'TitanWeb.Controllers.PostController.GetPostByTypeWithPagination (TitanWeb)'
[2023-04-25 13:14:41.289 +07:00  INF]  Route matched with {action = "GetPostByTypeWithPagination", controller = "Post"}. Executing controller action with signature System.Threading.Tasks.Task`1[Microsoft.AspNetCore.Mvc.IActionResult] GetPostByTypeWithPagination(Int32, ApplicationCore.Filer.PaginationFilter) on controller TitanWeb.Controllers.PostController (TitanWeb).
[2023-04-25 13:14:41.294 +07:00  INF]  Get Post By Type support Pagination executing...
[2023-04-25 13:14:41.301 +07:00  INF]  Executed DbCommand (3ms) [Parameters=[], CommandType='"Text"', CommandTimeout='30']
SELECT [p].[Id], [p].[Author], [p].[CreatedTime], [p].[FullDescription], [p].[Image], [p].[ShortDescription], [p].[Title], [p].[Type], [p].[Url]
FROM [Post] AS [p]
[2023-04-25 13:14:41.306 +07:00  INF]  Executed DbCommand (1ms) [Parameters=[], CommandType='"Text"', CommandTimeout='30']
SELECT [p].[Id], [p].[Author], [p].[CreatedTime], [p].[FullDescription], [p].[Image], [p].[ShortDescription], [p].[Title], [p].[Type], [p].[Url]
FROM [Post] AS [p]
[2023-04-25 13:14:41.314 +07:00  INF]  Executing OkObjectResult, writing value of type 'ApplicationCore.Wrappers.PagedResponse`1[[System.Collections.Generic.IEnumerable`1[[ApplicationCore.Entities.Post, ApplicationCore, Version=1.0.0.0, Culture=neutral, PublicKeyToken=null]], System.Private.CoreLib, Version=6.0.0.0, Culture=neutral, PublicKeyToken=7cec85d7bea7798e]]'.
[2023-04-25 13:14:41.315 +07:00  INF]  Executed action TitanWeb.Controllers.PostController.GetPostByTypeWithPagination (TitanWeb) in 25.7578ms
[2023-04-25 13:14:41.315 +07:00  INF]  Executed endpoint 'TitanWeb.Controllers.PostController.GetPostByTypeWithPagination (TitanWeb)'
[2023-04-25 13:14:41.316 +07:00  INF]  Request finished HTTP/1.1 GET https://localhost:7251/api/post/typeWithPagination/3 - - - 200 - application/json;+charset=utf-8 28.5221ms
[2023-04-25 13:14:44.977 +07:00  INF]  SPA proxy is not ready. Returning temporary landing page.
[2023-04-25 13:14:44.977 +07:00  INF]  Request finished HTTP/2 GET https://localhost:7251/ - - - 200 - text/html 4047.8166ms
[2023-04-25 13:14:45.482 +07:00  INF]  Request starting HTTP/2 GET https://localhost:7251/favicon.ico - -
[2023-04-25 13:14:45.483 +07:00  INF]  Request finished HTTP/2 GET https://localhost:7251/favicon.ico - - - 403 - - 0.7951ms
[2023-04-25 13:14:48.492 +07:00  INF]  Request starting HTTP/2 GET https://localhost:7251/ - -
[2023-04-25 13:14:52.581 +07:00  INF]  SPA proxy is not ready. Returning temporary landing page.
[2023-04-25 13:14:52.581 +07:00  INF]  Request finished HTTP/2 GET https://localhost:7251/ - - - 200 - text/html 4089.7312ms
[2023-04-25 13:14:53.188 +07:00  INF]  Request starting HTTP/2 GET https://localhost:7251/favicon.ico - -
[2023-04-25 13:14:53.189 +07:00  INF]  Request finished HTTP/2 GET https://localhost:7251/favicon.ico - - - 403 - - 0.5122ms
[2023-04-25 13:14:56.200 +07:00  INF]  Request starting HTTP/2 GET https://localhost:7251/ - -
[2023-04-25 13:15:00.253 +07:00  INF]  SPA proxy is not ready. Returning temporary landing page.
[2023-04-25 13:15:00.253 +07:00  INF]  Request finished HTTP/2 GET https://localhost:7251/ - - - 200 - text/html 4053.5110ms
[2023-04-25 13:15:01.075 +07:00  INF]  Request starting HTTP/2 GET https://localhost:7251/favicon.ico - -
[2023-04-25 13:15:01.076 +07:00  INF]  Request finished HTTP/2 GET https://localhost:7251/favicon.ico - - - 403 - - 0.9261ms
[2023-04-25 13:15:04.081 +07:00  INF]  Request starting HTTP/2 GET https://localhost:7251/ - -
[2023-04-25 13:15:08.147 +07:00  INF]  SPA proxy is not ready. Returning temporary landing page.
[2023-04-25 13:15:08.147 +07:00  INF]  Request finished HTTP/2 GET https://localhost:7251/ - - - 200 - text/html 4066.1918ms
[2023-04-25 13:15:08.904 +07:00  INF]  Request starting HTTP/2 GET https://localhost:7251/favicon.ico - -
[2023-04-25 13:15:08.904 +07:00  INF]  Request finished HTTP/2 GET https://localhost:7251/favicon.ico - - - 403 - - 0.7098ms
[2023-04-25 13:15:11.921 +07:00  INF]  Request starting HTTP/2 GET https://localhost:7251/ - -
[2023-04-25 13:15:16.012 +07:00  INF]  SPA proxy is not ready. Returning temporary landing page.
[2023-04-25 13:15:16.013 +07:00  INF]  Request finished HTTP/2 GET https://localhost:7251/ - - - 200 - text/html 4092.0068ms
[2023-04-25 13:15:16.750 +07:00  INF]  Request starting HTTP/2 GET https://localhost:7251/favicon.ico - -
[2023-04-25 13:15:16.750 +07:00  INF]  Request finished HTTP/2 GET https://localhost:7251/favicon.ico - - - 403 - - 0.5991ms
[2023-04-25 13:15:19.086 +07:00  INF]  Request starting HTTP/1.1 GET https://localhost:7251/api/post/type/100 - -
[2023-04-25 13:15:19.087 +07:00  INF]  Executing endpoint 'TitanWeb.Controllers.PostController.GetPostByTypeId (TitanWeb)'
[2023-04-25 13:15:19.093 +07:00  INF]  Route matched with {action = "GetPostByTypeId", controller = "Post"}. Executing controller action with signature System.Threading.Tasks.Task`1[Microsoft.AspNetCore.Mvc.IActionResult] GetPostByTypeId(Int32) on controller TitanWeb.Controllers.PostController (TitanWeb).
[2023-04-25 13:15:19.101 +07:00  INF]  Getting a Post Type record By Id..
[2023-04-25 13:15:19.192 +07:00  INF]  Executed DbCommand (7ms) [Parameters=[], CommandType='"Text"', CommandTimeout='30']
SELECT [p].[Id], [p].[Author], [p].[CreatedTime], [p].[FullDescription], [p].[Image], [p].[ShortDescription], [p].[Title], [p].[Type], [p].[Url]
FROM [Post] AS [p]
[2023-04-25 13:15:19.196 +07:00  INF]  Executing OkObjectResult, writing value of type 'ApplicationCore.Wrappers.Response`1[[System.Collections.Generic.IEnumerable`1[[ApplicationCore.Entities.Post, ApplicationCore, Version=1.0.0.0, Culture=neutral, PublicKeyToken=null]], System.Private.CoreLib, Version=6.0.0.0, Culture=neutral, PublicKeyToken=7cec85d7bea7798e]]'.
[2023-04-25 13:15:19.200 +07:00  INF]  Executed action TitanWeb.Controllers.PostController.GetPostByTypeId (TitanWeb) in 106.7547ms
[2023-04-25 13:15:19.200 +07:00  INF]  Executed endpoint 'TitanWeb.Controllers.PostController.GetPostByTypeId (TitanWeb)'
[2023-04-25 13:15:19.200 +07:00  INF]  Request finished HTTP/1.1 GET https://localhost:7251/api/post/type/100 - - - 200 - application/json;+charset=utf-8 113.8773ms
[2023-04-25 13:15:19.751 +07:00  INF]  Request starting HTTP/2 GET https://localhost:7251/ - -
[2023-04-25 13:15:23.850 +07:00  INF]  SPA proxy is not ready. Returning temporary landing page.
[2023-04-25 13:15:23.850 +07:00  INF]  Request finished HTTP/2 GET https://localhost:7251/ - - - 200 - text/html 4099.7310ms
[2023-04-25 13:15:24.489 +07:00  INF]  Request starting HTTP/2 GET https://localhost:7251/favicon.ico - -
[2023-04-25 13:15:24.491 +07:00  INF]  Request finished HTTP/2 GET https://localhost:7251/favicon.ico - - - 403 - - 7.0173ms
[2023-04-25 13:15:26.907 +07:00  ERR]  Unable to connect to the SPA development server at 'https://localhost:44467'.
[2023-04-25 13:15:27.487 +07:00  INF]  Request starting HTTP/2 GET https://localhost:7251/ - -
[2023-04-25 13:23:59.153 +07:00  INF]  User profile is available. Using 'C:\Users\anhth\AppData\Local\ASP.NET\DataProtection-Keys' as key repository and Windows DPAPI to encrypt keys at rest.
[2023-04-25 13:23:59.460 +07:00  INF]  Now listening on: https://localhost:7251
[2023-04-25 13:23:59.462 +07:00  INF]  Now listening on: http://localhost:5297
[2023-04-25 13:23:59.473 +07:00  INF]  Application started. Press Ctrl+C to shut down.
[2023-04-25 13:23:59.477 +07:00  INF]  Hosting environment: Development
[2023-04-25 13:23:59.480 +07:00  INF]  Content root path: E:\INTERNSHIP\Internship-Training\src\TitanWeb\
[2023-04-25 13:24:00.035 +07:00  INF]  Request starting HTTP/2 GET https://localhost:7251/ - -
[2023-04-25 13:24:04.297 +07:00  INF]  No SPA development server running at https://localhost:44467 found.
[2023-04-25 13:24:04.471 +07:00  INF]  SPA proxy is not ready. Returning temporary landing page.
[2023-04-25 13:24:04.488 +07:00  INF]  Request finished HTTP/2 GET https://localhost:7251/ - - - 200 - text/html 4456.5610ms
[2023-04-25 13:24:05.859 +07:00  INF]  Request starting HTTP/2 GET https://localhost:7251/favicon.ico - -
[2023-04-25 13:24:05.957 +07:00  INF]  Request finished HTTP/2 GET https://localhost:7251/favicon.ico - - - 403 - - 98.1247ms
[2023-04-25 13:24:08.817 +07:00  INF]  Request starting HTTP/2 GET https://localhost:7251/ - -
[2023-04-25 13:24:18.841 +07:00  INF]  SPA proxy is not ready. Returning temporary landing page.
[2023-04-25 13:24:18.842 +07:00  INF]  Request finished HTTP/2 GET https://localhost:7251/ - - - 200 - text/html 10024.9077ms
[2023-04-25 13:24:19.441 +07:00  INF]  Request starting HTTP/2 GET https://localhost:7251/favicon.ico - -
[2023-04-25 13:24:19.442 +07:00  INF]  Request finished HTTP/2 GET https://localhost:7251/favicon.ico - - - 403 - - 1.1726ms
[2023-04-25 13:24:22.441 +07:00  INF]  Request starting HTTP/2 GET https://localhost:7251/ - -
[2023-04-25 13:24:32.456 +07:00  INF]  SPA proxy is not ready. Returning temporary landing page.
[2023-04-25 13:24:32.456 +07:00  INF]  Request finished HTTP/2 GET https://localhost:7251/ - - - 200 - text/html 10015.3310ms
[2023-04-25 13:24:33.140 +07:00  INF]  Request starting HTTP/2 GET https://localhost:7251/favicon.ico - -
[2023-04-25 13:24:33.142 +07:00  INF]  Request finished HTTP/2 GET https://localhost:7251/favicon.ico - - - 403 - - 2.1408ms
[2023-04-25 13:24:33.449 +07:00  INF]  Request starting HTTP/1.1 GET https://localhost:7251/api/post/type/100 - -
[2023-04-25 13:24:33.510 +07:00  INF]  Executing endpoint 'TitanWeb.Controllers.PostController.GetPostByTypeId (TitanWeb)'
[2023-04-25 13:24:33.581 +07:00  INF]  Route matched with {action = "GetPostByTypeId", controller = "Post"}. Executing controller action with signature System.Threading.Tasks.Task`1[Microsoft.AspNetCore.Mvc.IActionResult] GetPostByTypeId(Int32) on controller TitanWeb.Controllers.PostController (TitanWeb).
[2023-04-25 13:24:33.957 +07:00  INF]  Getting a Post Type record By Id..
[2023-04-25 13:24:36.142 +07:00  INF]  Request starting HTTP/2 GET https://localhost:7251/ - -
[2023-04-25 13:24:36.913 +07:00  INF]  Executed DbCommand (111ms) [Parameters=[], CommandType='"Text"', CommandTimeout='30']
SELECT [p].[Id], [p].[Author], [p].[CreatedTime], [p].[FullDescription], [p].[Image], [p].[ShortDescription], [p].[Title], [p].[Type], [p].[Url]
FROM [Post] AS [p]
[2023-04-25 13:24:37.257 +07:00  INF]  Executing OkObjectResult, writing value of type 'ApplicationCore.Wrappers.Response`1[[System.Collections.Generic.IEnumerable`1[[ApplicationCore.Entities.Post, ApplicationCore, Version=1.0.0.0, Culture=neutral, PublicKeyToken=null]], System.Private.CoreLib, Version=6.0.0.0, Culture=neutral, PublicKeyToken=7cec85d7bea7798e]]'.
[2023-04-25 13:24:37.545 +07:00  INF]  Executed action TitanWeb.Controllers.PostController.GetPostByTypeId (TitanWeb) in 3956.6401ms
[2023-04-25 13:24:37.547 +07:00  INF]  Executed endpoint 'TitanWeb.Controllers.PostController.GetPostByTypeId (TitanWeb)'
[2023-04-25 13:24:37.576 +07:00  INF]  Request finished HTTP/1.1 GET https://localhost:7251/api/post/type/100 - - - 200 - application/json;+charset=utf-8 4126.5021ms
[2023-04-25 13:24:46.147 +07:00  INF]  SPA proxy is not ready. Returning temporary landing page.
[2023-04-25 13:24:46.147 +07:00  INF]  Request finished HTTP/2 GET https://localhost:7251/ - - - 200 - text/html 10005.0599ms
[2023-04-25 13:24:46.766 +07:00  INF]  Request starting HTTP/2 GET https://localhost:7251/favicon.ico - -
[2023-04-25 13:24:46.767 +07:00  INF]  Request finished HTTP/2 GET https://localhost:7251/favicon.ico - - - 403 - - 0.3333ms
[2023-04-25 13:24:49.743 +07:00  INF]  Request starting HTTP/2 GET https://localhost:7251/ - -
[2023-04-25 13:24:59.758 +07:00  INF]  SPA proxy is not ready. Returning temporary landing page.
[2023-04-25 13:24:59.758 +07:00  INF]  Request finished HTTP/2 GET https://localhost:7251/ - - - 200 - text/html 10015.0975ms
[2023-04-25 13:25:00.944 +07:00  INF]  Request starting HTTP/2 GET https://localhost:7251/favicon.ico - -
[2023-04-25 13:25:00.945 +07:00  INF]  Request finished HTTP/2 GET https://localhost:7251/favicon.ico - - - 403 - - 0.5781ms
[2023-04-25 13:25:03.952 +07:00  INF]  Request starting HTTP/2 GET https://localhost:7251/ - -
[2023-04-25 13:25:13.967 +07:00  INF]  SPA proxy is not ready. Returning temporary landing page.
[2023-04-25 13:25:13.967 +07:00  INF]  Request finished HTTP/2 GET https://localhost:7251/ - - - 200 - text/html 10015.1119ms
[2023-04-25 13:25:14.474 +07:00  INF]  Request starting HTTP/2 GET https://localhost:7251/favicon.ico - -
[2023-04-25 13:25:14.474 +07:00  INF]  Request finished HTTP/2 GET https://localhost:7251/favicon.ico - - - 403 - - 0.4720ms
[2023-04-25 13:25:17.478 +07:00  INF]  Request starting HTTP/2 GET https://localhost:7251/ - -
[2023-04-25 13:25:27.511 +07:00  INF]  SPA proxy is not ready. Returning temporary landing page.
[2023-04-25 13:25:27.511 +07:00  INF]  Request finished HTTP/2 GET https://localhost:7251/ - - - 200 - text/html 10033.1116ms
[2023-04-25 13:25:28.129 +07:00  INF]  Request starting HTTP/2 GET https://localhost:7251/favicon.ico - -
[2023-04-25 13:25:28.129 +07:00  INF]  Request finished HTTP/2 GET https://localhost:7251/favicon.ico - - - 403 - - 0.5055ms
[2023-04-25 13:25:31.126 +07:00  INF]  Request starting HTTP/2 GET https://localhost:7251/ - -
[2023-04-25 13:25:38.279 +07:00  INF]  Request starting HTTP/1.1 GET https://localhost:7251/api/post/type/2 - -
[2023-04-25 13:25:38.286 +07:00  INF]  Executing endpoint 'TitanWeb.Controllers.PostController.GetPostByTypeId (TitanWeb)'
[2023-04-25 13:25:38.286 +07:00  INF]  Route matched with {action = "GetPostByTypeId", controller = "Post"}. Executing controller action with signature System.Threading.Tasks.Task`1[Microsoft.AspNetCore.Mvc.IActionResult] GetPostByTypeId(Int32) on controller TitanWeb.Controllers.PostController (TitanWeb).
[2023-04-25 13:25:38.292 +07:00  INF]  Getting a Post Type record By Id..
[2023-04-25 13:25:38.342 +07:00  INF]  Executed DbCommand (11ms) [Parameters=[], CommandType='"Text"', CommandTimeout='30']
SELECT [p].[Id], [p].[Author], [p].[CreatedTime], [p].[FullDescription], [p].[Image], [p].[ShortDescription], [p].[Title], [p].[Type], [p].[Url]
FROM [Post] AS [p]
[2023-04-25 13:25:38.346 +07:00  INF]  Executing OkObjectResult, writing value of type 'ApplicationCore.Wrappers.Response`1[[System.Collections.Generic.IEnumerable`1[[ApplicationCore.Entities.Post, ApplicationCore, Version=1.0.0.0, Culture=neutral, PublicKeyToken=null]], System.Private.CoreLib, Version=6.0.0.0, Culture=neutral, PublicKeyToken=7cec85d7bea7798e]]'.
[2023-04-25 13:25:38.366 +07:00  INF]  Executed action TitanWeb.Controllers.PostController.GetPostByTypeId (TitanWeb) in 79.4389ms
[2023-04-25 13:25:38.366 +07:00  INF]  Executed endpoint 'TitanWeb.Controllers.PostController.GetPostByTypeId (TitanWeb)'
[2023-04-25 13:25:38.366 +07:00  INF]  Request finished HTTP/1.1 GET https://localhost:7251/api/post/type/2 - - - 200 - application/json;+charset=utf-8 86.9021ms
[2023-04-25 13:25:41.138 +07:00  INF]  SPA proxy is not ready. Returning temporary landing page.
[2023-04-25 13:25:41.138 +07:00  INF]  Request finished HTTP/2 GET https://localhost:7251/ - - - 200 - text/html 10012.2615ms
[2023-04-25 13:25:41.821 +07:00  INF]  Request starting HTTP/2 GET https://localhost:7251/favicon.ico - -
[2023-04-25 13:25:41.821 +07:00  INF]  Request finished HTTP/2 GET https://localhost:7251/favicon.ico - - - 403 - - 0.6129ms
[2023-04-25 13:25:44.041 +07:00  INF]  Request starting HTTP/1.1 GET https://localhost:7251/api/post/type/3 - -
[2023-04-25 13:25:44.041 +07:00  INF]  Executing endpoint 'TitanWeb.Controllers.PostController.GetPostByTypeId (TitanWeb)'
[2023-04-25 13:25:44.041 +07:00  INF]  Route matched with {action = "GetPostByTypeId", controller = "Post"}. Executing controller action with signature System.Threading.Tasks.Task`1[Microsoft.AspNetCore.Mvc.IActionResult] GetPostByTypeId(Int32) on controller TitanWeb.Controllers.PostController (TitanWeb).
[2023-04-25 13:25:44.052 +07:00  INF]  Getting a Post Type record By Id..
[2023-04-25 13:25:44.180 +07:00  INF]  Executed DbCommand (3ms) [Parameters=[], CommandType='"Text"', CommandTimeout='30']
SELECT [p].[Id], [p].[Author], [p].[CreatedTime], [p].[FullDescription], [p].[Image], [p].[ShortDescription], [p].[Title], [p].[Type], [p].[Url]
FROM [Post] AS [p]
[2023-04-25 13:25:44.186 +07:00  INF]  Executing OkObjectResult, writing value of type 'ApplicationCore.Wrappers.Response`1[[System.Collections.Generic.IEnumerable`1[[ApplicationCore.Entities.Post, ApplicationCore, Version=1.0.0.0, Culture=neutral, PublicKeyToken=null]], System.Private.CoreLib, Version=6.0.0.0, Culture=neutral, PublicKeyToken=7cec85d7bea7798e]]'.
[2023-04-25 13:25:44.187 +07:00  INF]  Executed action TitanWeb.Controllers.PostController.GetPostByTypeId (TitanWeb) in 145.3957ms
[2023-04-25 13:25:44.187 +07:00  INF]  Executed endpoint 'TitanWeb.Controllers.PostController.GetPostByTypeId (TitanWeb)'
[2023-04-25 13:25:44.187 +07:00  INF]  Request finished HTTP/1.1 GET https://localhost:7251/api/post/type/3 - - - 200 - application/json;+charset=utf-8 146.2669ms
[2023-04-25 13:25:44.815 +07:00  INF]  Request starting HTTP/2 GET https://localhost:7251/ - -
[2023-04-25 13:25:54.836 +07:00  INF]  SPA proxy is not ready. Returning temporary landing page.
[2023-04-25 13:25:54.836 +07:00  INF]  Request finished HTTP/2 GET https://localhost:7251/ - - - 200 - text/html 10021.0561ms
[2023-04-25 13:25:55.702 +07:00  INF]  Request starting HTTP/2 GET https://localhost:7251/favicon.ico - -
[2023-04-25 13:25:55.702 +07:00  INF]  Request finished HTTP/2 GET https://localhost:7251/favicon.ico - - - 403 - - 0.7688ms
[2023-04-25 13:25:58.709 +07:00  INF]  Request starting HTTP/2 GET https://localhost:7251/ - -
[2023-04-25 13:26:07.003 +07:00  INF]  SPA proxy is ready. Redirecting to https://localhost:44467.
[2023-04-25 13:26:07.006 +07:00  INF]  SPA development server running at 'https://localhost:44467'
[2023-04-25 13:26:07.006 +07:00  INF]  Request finished HTTP/2 GET https://localhost:7251/ - - - 302 0 - 8297.4039ms
[2023-04-25 13:27:38.109 +07:00  INF]  Request starting HTTP/1.1 GET https://localhost:7251/api/post/type/3 - -
[2023-04-25 13:27:38.111 +07:00  INF]  Executing endpoint 'TitanWeb.Controllers.PostController.GetPostByTypeId (TitanWeb)'
[2023-04-25 13:27:38.111 +07:00  INF]  Route matched with {action = "GetPostByTypeId", controller = "Post"}. Executing controller action with signature System.Threading.Tasks.Task`1[Microsoft.AspNetCore.Mvc.IActionResult] GetPostByTypeId(Int32) on controller TitanWeb.Controllers.PostController (TitanWeb).
[2023-04-25 13:27:38.119 +07:00  INF]  Getting a Post Type record By Id..
[2023-04-25 13:28:15.309 +07:00  INF]  Executed DbCommand (6ms) [Parameters=[], CommandType='"Text"', CommandTimeout='30']
SELECT [p].[Id], [p].[Author], [p].[CreatedTime], [p].[FullDescription], [p].[Image], [p].[ShortDescription], [p].[Title], [p].[Type], [p].[Url]
FROM [Post] AS [p]
[2023-04-25 13:30:47.145 +07:00  INF]  User profile is available. Using 'C:\Users\anhth\AppData\Local\ASP.NET\DataProtection-Keys' as key repository and Windows DPAPI to encrypt keys at rest.
[2023-04-25 13:30:47.712 +07:00  INF]  Now listening on: https://localhost:7251
[2023-04-25 13:30:47.718 +07:00  INF]  Now listening on: http://localhost:5297
[2023-04-25 13:30:47.742 +07:00  INF]  Application started. Press Ctrl+C to shut down.
[2023-04-25 13:30:47.751 +07:00  INF]  Hosting environment: Development
[2023-04-25 13:30:47.756 +07:00  INF]  Content root path: E:\INTERNSHIP\Internship-Training\src\TitanWeb\
[2023-04-25 13:30:48.547 +07:00  INF]  Request starting HTTP/2 GET https://localhost:7251/ - -
[2023-04-25 13:30:52.933 +07:00  INF]  No SPA development server running at https://localhost:44467 found.
[2023-04-25 13:30:53.097 +07:00  INF]  SPA proxy is not ready. Returning temporary landing page.
[2023-04-25 13:30:53.126 +07:00  INF]  Request finished HTTP/2 GET https://localhost:7251/ - - - 200 - text/html 4587.5283ms
[2023-04-25 13:30:54.788 +07:00  INF]  Request starting HTTP/2 GET https://localhost:7251/favicon.ico - -
[2023-04-25 13:30:54.928 +07:00  INF]  Request finished HTTP/2 GET https://localhost:7251/favicon.ico - - - 403 - - 140.2012ms
[2023-04-25 13:30:57.717 +07:00  INF]  Request starting HTTP/2 GET https://localhost:7251/ - -
[2023-04-25 13:31:07.741 +07:00  INF]  SPA proxy is not ready. Returning temporary landing page.
[2023-04-25 13:31:07.742 +07:00  INF]  Request finished HTTP/2 GET https://localhost:7251/ - - - 200 - text/html 10025.1140ms
[2023-04-25 13:31:08.436 +07:00  INF]  Request starting HTTP/2 GET https://localhost:7251/favicon.ico - -
[2023-04-25 13:31:08.439 +07:00  INF]  Request finished HTTP/2 GET https://localhost:7251/favicon.ico - - - 403 - - 2.1073ms
[2023-04-25 13:31:11.442 +07:00  INF]  Request starting HTTP/2 GET https://localhost:7251/ - -
[2023-04-25 13:31:16.515 +07:00  INF]  SPA proxy is ready. Redirecting to https://localhost:44467.
[2023-04-25 13:31:16.518 +07:00  INF]  SPA development server running at 'https://localhost:44467'
[2023-04-25 13:31:16.518 +07:00  INF]  Request finished HTTP/2 GET https://localhost:7251/ - - - 302 0 - 5076.0036ms
[2023-04-25 13:31:24.667 +07:00  INF]  Request starting HTTP/1.1 GET https://localhost:7251/api/post/type/3 - -
[2023-04-25 13:31:24.703 +07:00  INF]  Executing endpoint 'TitanWeb.Controllers.PostController.GetPostByTypeId (TitanWeb)'
[2023-04-25 13:31:24.752 +07:00  INF]  Route matched with {action = "GetPostByTypeId", controller = "Post"}. Executing controller action with signature System.Threading.Tasks.Task`1[Microsoft.AspNetCore.Mvc.IActionResult] GetPostByTypeId(Int32) on controller TitanWeb.Controllers.PostController (TitanWeb).
[2023-04-25 13:31:25.014 +07:00  INF]  Getting a Post Type record By Id..
[2023-04-25 13:31:27.264 +07:00  INF]  Executed DbCommand (82ms) [Parameters=[], CommandType='"Text"', CommandTimeout='30']
SELECT [p].[Id], [p].[Author], [p].[CreatedTime], [p].[FullDescription], [p].[Image], [p].[ShortDescription], [p].[Title], [p].[Type], [p].[Url]
FROM [Post] AS [p]
[2023-04-25 13:31:27.477 +07:00  INF]  Executing OkObjectResult, writing value of type 'ApplicationCore.Wrappers.Response`1[[System.Collections.Generic.IEnumerable`1[[ApplicationCore.Entities.Post, ApplicationCore, Version=1.0.0.0, Culture=neutral, PublicKeyToken=null]], System.Private.CoreLib, Version=6.0.0.0, Culture=neutral, PublicKeyToken=7cec85d7bea7798e]]'.
[2023-04-25 13:31:27.670 +07:00  INF]  Executed action TitanWeb.Controllers.PostController.GetPostByTypeId (TitanWeb) in 2909.9162ms
[2023-04-25 13:31:27.671 +07:00  INF]  Executed endpoint 'TitanWeb.Controllers.PostController.GetPostByTypeId (TitanWeb)'
[2023-04-25 13:31:27.693 +07:00  INF]  Request finished HTTP/1.1 GET https://localhost:7251/api/post/type/3 - - - 200 - application/json;+charset=utf-8 3026.6370ms
[2023-04-25 13:31:37.034 +07:00  INF]  Request starting HTTP/1.1 GET https://localhost:7251/api/post/120 - -
[2023-04-25 13:31:37.039 +07:00  INF]  Executing endpoint 'Fallback {*path:nonfile}'
[2023-04-25 13:31:37.040 +07:00  INF]  Executed endpoint 'Fallback {*path:nonfile}'
[2023-04-25 13:31:37.147 +07:00  ERR]  Router not found
[2023-04-25 13:31:37.158 +07:00  INF]  Request finished HTTP/1.1 GET https://localhost:7251/api/post/120 - - - 404 - application/json 124.2377ms
[2023-04-25 13:31:58.648 +07:00  INF]  Request starting HTTP/1.1 GET https://localhost:7251/api/slider/120 - -
[2023-04-25 13:31:58.649 +07:00  INF]  Executing endpoint 'TitanWeb.Controllers.SliderController.GetById (TitanWeb)'
[2023-04-25 13:31:58.656 +07:00  INF]  Route matched with {action = "GetById", controller = "Slider"}. Executing controller action with signature System.Threading.Tasks.Task`1[Microsoft.AspNetCore.Mvc.IActionResult] GetById(Int32) on controller TitanWeb.Controllers.SliderController (TitanWeb).
[2023-04-25 13:31:58.662 +07:00  INF]  Suceeded to Get Slider By id
[2023-04-25 13:31:59.287 +07:00  INF]  Executed DbCommand (260ms) [Parameters=[@__p_0='?' (DbType = Int32)], CommandType='"Text"', CommandTimeout='30']
SELECT TOP(1) [s].[Id], [s].[CreatedTime], [s].[Description], [s].[Image], [s].[Ordering], [s].[Subtitle], [s].[Title], [s].[Type], [s].[Url]
FROM [Slider] AS [s]
WHERE [s].[Id] = @__p_0
[2023-04-25 13:31:59.292 +07:00  INF]  Executing OkObjectResult, writing value of type 'ApplicationCore.Wrappers.Response`1[[ApplicationCore.Entities.Post, ApplicationCore, Version=1.0.0.0, Culture=neutral, PublicKeyToken=null]]'.
[2023-04-25 13:31:59.295 +07:00  INF]  Executed action TitanWeb.Controllers.SliderController.GetById (TitanWeb) in 638.9156ms
[2023-04-25 13:31:59.295 +07:00  INF]  Executed endpoint 'TitanWeb.Controllers.SliderController.GetById (TitanWeb)'
[2023-04-25 13:31:59.295 +07:00  INF]  Request finished HTTP/1.1 GET https://localhost:7251/api/slider/120 - - - 200 - application/json;+charset=utf-8 647.5049ms
[2023-04-25 13:32:12.579 +07:00  INF]  Request starting HTTP/1.1 GET https://localhost:7251/api/slider/v - -
[2023-04-25 13:32:12.580 +07:00  INF]  Executing endpoint 'TitanWeb.Controllers.SliderController.GetById (TitanWeb)'
[2023-04-25 13:32:12.580 +07:00  INF]  Route matched with {action = "GetById", controller = "Slider"}. Executing controller action with signature System.Threading.Tasks.Task`1[Microsoft.AspNetCore.Mvc.IActionResult] GetById(Int32) on controller TitanWeb.Controllers.SliderController (TitanWeb).
[2023-04-25 13:32:12.590 +07:00  INF]  Executing BadRequestObjectResult, writing value of type 'Microsoft.AspNetCore.Mvc.ValidationProblemDetails'.
[2023-04-25 13:32:12.606 +07:00  INF]  Executed action TitanWeb.Controllers.SliderController.GetById (TitanWeb) in 26.1632ms
[2023-04-25 13:32:12.606 +07:00  INF]  Executed endpoint 'TitanWeb.Controllers.SliderController.GetById (TitanWeb)'
[2023-04-25 13:32:12.606 +07:00  INF]  Request finished HTTP/1.1 GET https://localhost:7251/api/slider/v - - - 400 - application/problem+json;+charset=utf-8 27.4794ms
