[2023-04-17 16:52:25.062 +07:00  INF]  User profile is available. Using 'C:\Users\anhth\AppData\Local\ASP.NET\DataProtection-Keys' as key repository and Windows DPAPI to encrypt keys at rest.
[2023-04-17 16:52:25.780 +07:00  INF]  Now listening on: https://localhost:7251
[2023-04-17 16:52:25.783 +07:00  INF]  Now listening on: http://localhost:5297
[2023-04-17 16:52:25.804 +07:00  INF]  Application started. Press Ctrl+C to shut down.
[2023-04-17 16:52:25.827 +07:00  INF]  Hosting environment: Development
[2023-04-17 16:52:25.845 +07:00  INF]  Content root path: E:\INTERNSHIP\Internship-Training\src\TitanWeb\
[2023-04-17 16:52:28.330 +07:00  INF]  Request starting HTTP/2 GET https://localhost:7251/ - -
[2023-04-17 16:52:32.668 +07:00  INF]  No SPA development server running at https://localhost:44467 found.
[2023-04-17 16:52:32.847 +07:00  INF]  SPA proxy is not ready. Returning temporary landing page.
[2023-04-17 16:52:32.865 +07:00  INF]  Request finished HTTP/2 GET https://localhost:7251/ - - - 200 - text/html 4545.3461ms
[2023-04-17 16:52:33.040 +07:00  INF]  Request starting HTTP/2 GET https://localhost:7251/favicon.ico - -
[2023-04-17 16:52:33.167 +07:00  INF]  Request finished HTTP/2 GET https://localhost:7251/favicon.ico - - - 403 - - 127.0252ms
[2023-04-17 16:52:36.028 +07:00  INF]  Request starting HTTP/2 GET https://localhost:7251/ - -
[2023-04-17 16:52:37.936 +07:00  ERR]  Couldn't start the SPA development server with command 'npm start'.
[2023-04-17 16:52:40.158 +07:00  INF]  No SPA development server running at https://localhost:44467 found.
[2023-04-17 16:52:40.199 +07:00  INF]  SPA proxy is not ready. Returning temporary landing page.
[2023-04-17 16:52:40.200 +07:00  INF]  Request finished HTTP/2 GET https://localhost:7251/ - - - 200 - text/html 4171.6865ms
[2023-04-17 16:52:40.302 +07:00  INF]  Request starting HTTP/2 GET https://localhost:7251/favicon.ico - -
[2023-04-17 16:52:40.304 +07:00  INF]  Request finished HTTP/2 GET https://localhost:7251/favicon.ico - - - 403 - - 3.2008ms
[2023-04-17 16:52:43.268 +07:00  INF]  Request starting HTTP/2 GET https://localhost:7251/ - -
[2023-04-17 16:52:45.321 +07:00  ERR]  Couldn't start the SPA development server with command 'npm start'.
[2023-04-17 16:52:47.391 +07:00  INF]  No SPA development server running at https://localhost:44467 found.
[2023-04-17 16:52:47.444 +07:00  INF]  SPA proxy is not ready. Returning temporary landing page.
[2023-04-17 16:52:47.445 +07:00  INF]  Request finished HTTP/2 GET https://localhost:7251/ - - - 200 - text/html 4177.2135ms
[2023-04-17 16:52:47.514 +07:00  INF]  Request starting HTTP/2 GET https://localhost:7251/favicon.ico - -
[2023-04-17 16:52:47.516 +07:00  INF]  Request finished HTTP/2 GET https://localhost:7251/favicon.ico - - - 403 - - 1.5574ms
[2023-04-17 16:52:50.507 +07:00  INF]  Request starting HTTP/2 GET https://localhost:7251/ - -
[2023-04-17 16:52:52.558 +07:00  ERR]  Couldn't start the SPA development server with command 'npm start'.
[2023-04-17 16:52:54.605 +07:00  INF]  No SPA development server running at https://localhost:44467 found.
[2023-04-17 16:52:54.672 +07:00  INF]  SPA proxy is not ready. Returning temporary landing page.
[2023-04-17 16:52:54.673 +07:00  INF]  Request finished HTTP/2 GET https://localhost:7251/ - - - 200 - text/html 4166.1859ms
[2023-04-17 16:52:54.827 +07:00  INF]  Request starting HTTP/2 GET https://localhost:7251/favicon.ico - -
[2023-04-17 16:52:54.827 +07:00  INF]  Request finished HTTP/2 GET https://localhost:7251/favicon.ico - - - 403 - - 0.4295ms
[2023-04-17 16:52:57.830 +07:00  INF]  Request starting HTTP/2 GET https://localhost:7251/ - -
[2023-04-17 16:52:59.789 +07:00  ERR]  Couldn't start the SPA development server with command 'npm start'.
[2023-04-17 16:53:01.944 +07:00  INF]  No SPA development server running at https://localhost:44467 found.
[2023-04-17 16:53:01.992 +07:00  INF]  SPA proxy is not ready. Returning temporary landing page.
[2023-04-17 16:53:01.993 +07:00  INF]  Request finished HTTP/2 GET https://localhost:7251/ - - - 200 - text/html 4162.5496ms
[2023-04-17 16:53:02.063 +07:00  INF]  Request starting HTTP/2 GET https://localhost:7251/favicon.ico - -
[2023-04-17 16:53:02.063 +07:00  INF]  Request finished HTTP/2 GET https://localhost:7251/favicon.ico - - - 403 - - 0.3431ms
[2023-04-17 16:53:05.053 +07:00  INF]  Request starting HTTP/2 GET https://localhost:7251/ - -
[2023-04-17 16:53:07.078 +07:00  ERR]  Couldn't start the SPA development server with command 'npm start'.
[2023-04-17 16:53:09.162 +07:00  INF]  No SPA development server running at https://localhost:44467 found.
[2023-04-17 16:53:09.206 +07:00  INF]  SPA proxy is not ready. Returning temporary landing page.
[2023-04-17 16:53:09.208 +07:00  INF]  Request finished HTTP/2 GET https://localhost:7251/ - - - 200 - text/html 4155.1848ms
[2023-04-17 16:53:09.300 +07:00  INF]  Request starting HTTP/2 GET https://localhost:7251/favicon.ico - -
[2023-04-17 16:53:09.300 +07:00  INF]  Request finished HTTP/2 GET https://localhost:7251/favicon.ico - - - 403 - - 0.5382ms
[2023-04-17 16:53:12.286 +07:00  INF]  Request starting HTTP/2 GET https://localhost:7251/ - -
[2023-04-17 16:53:13.092 +07:00  INF]  Request starting HTTP/2 GET https://localhost:7251/swagger/index.html - -
[2023-04-17 16:53:13.131 +07:00  INF]  Request finished HTTP/2 GET https://localhost:7251/swagger/index.html - - - 403 - - 39.3321ms
[2023-04-17 16:53:13.240 +07:00  INF]  Request starting HTTP/2 GET https://localhost:7251/favicon.ico - -
[2023-04-17 16:53:13.241 +07:00  INF]  Request finished HTTP/2 GET https://localhost:7251/favicon.ico - - - 403 - - 0.5720ms
[2023-04-17 16:53:14.344 +07:00  ERR]  Couldn't start the SPA development server with command 'npm start'.
[2023-04-17 16:53:16.376 +07:00  INF]  No SPA development server running at https://localhost:44467 found.
[2023-04-17 16:53:16.415 +07:00  INF]  SPA proxy is not ready. Returning temporary landing page.
[2023-04-17 16:53:16.417 +07:00  INF]  Request finished HTTP/2 GET https://localhost:7251/ - - - 200 - text/html 4130.4509ms
[2023-04-17 16:53:16.524 +07:00  INF]  Request starting HTTP/2 GET https://localhost:7251/favicon.ico - -
[2023-04-17 16:53:16.526 +07:00  INF]  Request finished HTTP/2 GET https://localhost:7251/favicon.ico - - - 403 - - 1.6848ms
[2023-04-17 16:53:19.512 +07:00  INF]  Request starting HTTP/2 GET https://localhost:7251/ - -
[2023-04-17 16:53:21.514 +07:00  ERR]  Couldn't start the SPA development server with command 'npm start'.
[2023-04-17 16:53:23.604 +07:00  INF]  No SPA development server running at https://localhost:44467 found.
[2023-04-17 16:53:23.644 +07:00  INF]  SPA proxy is not ready. Returning temporary landing page.
[2023-04-17 16:53:23.645 +07:00  INF]  Request finished HTTP/2 GET https://localhost:7251/ - - - 200 - text/html 4132.8846ms
[2023-04-17 16:53:23.713 +07:00  INF]  Request starting HTTP/2 GET https://localhost:7251/favicon.ico - -
[2023-04-17 16:53:23.714 +07:00  INF]  Request finished HTTP/2 GET https://localhost:7251/favicon.ico - - - 403 - - 0.3764ms
[2023-04-17 16:53:26.694 +07:00  INF]  Request starting HTTP/2 GET https://localhost:7251/ - -
[2023-04-17 16:53:28.718 +07:00  ERR]  Couldn't start the SPA development server with command 'npm start'.
[2023-04-17 16:53:30.784 +07:00  INF]  No SPA development server running at https://localhost:44467 found.
[2023-04-17 16:53:30.854 +07:00  INF]  SPA proxy is not ready. Returning temporary landing page.
[2023-04-17 16:53:30.855 +07:00  INF]  Request finished HTTP/2 GET https://localhost:7251/ - - - 200 - text/html 4161.2252ms
[2023-04-17 16:53:30.975 +07:00  INF]  Request starting HTTP/2 GET https://localhost:7251/favicon.ico - -
[2023-04-17 16:53:30.975 +07:00  INF]  Request finished HTTP/2 GET https://localhost:7251/favicon.ico - - - 403 - - 0.4849ms
[2023-04-17 16:53:33.984 +07:00  INF]  Request starting HTTP/2 GET https://localhost:7251/ - -
[2023-04-17 16:53:35.965 +07:00  ERR]  Couldn't start the SPA development server with command 'npm start'.
[2023-04-17 16:53:38.084 +07:00  INF]  No SPA development server running at https://localhost:44467 found.
[2023-04-17 16:53:38.124 +07:00  INF]  SPA proxy is not ready. Returning temporary landing page.
[2023-04-17 16:53:38.126 +07:00  INF]  Request finished HTTP/2 GET https://localhost:7251/ - - - 200 - text/html 4142.5602ms
[2023-04-17 16:53:38.219 +07:00  INF]  Request starting HTTP/2 GET https://localhost:7251/favicon.ico - -
[2023-04-17 16:53:38.220 +07:00  INF]  Request finished HTTP/2 GET https://localhost:7251/favicon.ico - - - 403 - - 0.5805ms
[2023-04-17 16:53:41.190 +07:00  INF]  Request starting HTTP/2 GET https://localhost:7251/ - -
[2023-04-17 16:53:43.213 +07:00  ERR]  Couldn't start the SPA development server with command 'npm start'.
[2023-04-17 16:53:45.286 +07:00  INF]  No SPA development server running at https://localhost:44467 found.
[2023-04-17 16:53:45.343 +07:00  INF]  SPA proxy is not ready. Returning temporary landing page.
[2023-04-17 16:53:45.344 +07:00  INF]  Request finished HTTP/2 GET https://localhost:7251/ - - - 200 - text/html 4154.5083ms
[2023-04-17 16:53:45.452 +07:00  INF]  Request starting HTTP/2 GET https://localhost:7251/favicon.ico - -
[2023-04-17 16:53:45.453 +07:00  INF]  Request finished HTTP/2 GET https://localhost:7251/favicon.ico - - - 403 - - 1.0525ms
[2023-04-17 16:53:48.445 +07:00  INF]  Request starting HTTP/2 GET https://localhost:7251/ - -
[2023-04-17 16:53:50.465 +07:00  ERR]  Couldn't start the SPA development server with command 'npm start'.
[2023-04-17 16:53:55.143 +07:00  INF]  User profile is available. Using 'C:\Users\anhth\AppData\Local\ASP.NET\DataProtection-Keys' as key repository and Windows DPAPI to encrypt keys at rest.
[2023-04-17 16:53:55.424 +07:00  INF]  Now listening on: https://localhost:7251
[2023-04-17 16:53:55.426 +07:00  INF]  Now listening on: http://localhost:5297
[2023-04-17 16:53:55.438 +07:00  INF]  Application started. Press Ctrl+C to shut down.
[2023-04-17 16:53:55.442 +07:00  INF]  Hosting environment: Development
[2023-04-17 16:53:55.445 +07:00  INF]  Content root path: E:\INTERNSHIP\Internship-Training\src\TitanWeb\
[2023-04-17 16:53:56.295 +07:00  INF]  Request starting HTTP/2 GET https://localhost:7251/ - -
[2023-04-17 16:54:00.516 +07:00  INF]  No SPA development server running at https://localhost:44467 found.
[2023-04-17 16:54:00.699 +07:00  INF]  SPA proxy is not ready. Returning temporary landing page.
[2023-04-17 16:54:00.717 +07:00  INF]  Request finished HTTP/2 GET https://localhost:7251/ - - - 200 - text/html 4424.2959ms
[2023-04-17 16:54:00.918 +07:00  INF]  Request starting HTTP/2 GET https://localhost:7251/favicon.ico - -
[2023-04-17 16:54:01.032 +07:00  INF]  Request finished HTTP/2 GET https://localhost:7251/favicon.ico - - - 403 - - 113.8566ms
[2023-04-17 16:54:03.900 +07:00  INF]  Request starting HTTP/2 GET https://localhost:7251/ - -
[2023-04-17 16:54:03.944 +07:00  INF]  SPA proxy is not ready. Returning temporary landing page.
[2023-04-17 16:54:03.944 +07:00  INF]  Request finished HTTP/2 GET https://localhost:7251/ - - - 200 - text/html 43.6114ms
[2023-04-17 16:54:43.931 +07:00  INF]  User profile is available. Using 'C:\Users\anhth\AppData\Local\ASP.NET\DataProtection-Keys' as key repository and Windows DPAPI to encrypt keys at rest.
[2023-04-17 16:54:44.200 +07:00  INF]  Now listening on: https://localhost:7251
[2023-04-17 16:54:44.202 +07:00  INF]  Now listening on: http://localhost:5297
[2023-04-17 16:54:44.211 +07:00  INF]  Application started. Press Ctrl+C to shut down.
[2023-04-17 16:54:44.214 +07:00  INF]  Hosting environment: Development
[2023-04-17 16:54:44.216 +07:00  INF]  Content root path: E:\INTERNSHIP\Internship-Training\src\TitanWeb\
[2023-04-17 16:54:45.008 +07:00  INF]  Request starting HTTP/2 GET https://localhost:7251/ - -
[2023-04-17 16:54:49.243 +07:00  INF]  No SPA development server running at https://localhost:44467 found.
[2023-04-17 16:54:49.389 +07:00  INF]  SPA proxy is not ready. Returning temporary landing page.
[2023-04-17 16:54:49.407 +07:00  INF]  Request finished HTTP/2 GET https://localhost:7251/ - - - 200 - text/html 4409.3786ms
[2023-04-17 16:54:49.601 +07:00  INF]  Request starting HTTP/2 GET https://localhost:7251/favicon.ico - -
[2023-04-17 16:54:49.700 +07:00  INF]  Request finished HTTP/2 GET https://localhost:7251/favicon.ico - - - 403 - - 98.5896ms
[2023-04-17 16:54:52.594 +07:00  INF]  Request starting HTTP/2 GET https://localhost:7251/ - -
[2023-04-17 16:54:54.500 +07:00  ERR]  Couldn't start the SPA development server with command 'npm start'.
[2023-04-17 16:54:56.701 +07:00  INF]  No SPA development server running at https://localhost:44467 found.
[2023-04-17 16:54:56.785 +07:00  INF]  SPA proxy is not ready. Returning temporary landing page.
[2023-04-17 16:54:56.787 +07:00  INF]  Request finished HTTP/2 GET https://localhost:7251/ - - - 200 - text/html 4193.4627ms
[2023-04-17 16:54:56.864 +07:00  INF]  Request starting HTTP/2 GET https://localhost:7251/favicon.ico - -
[2023-04-17 16:54:56.865 +07:00  INF]  Request finished HTTP/2 GET https://localhost:7251/favicon.ico - - - 403 - - 1.0640ms
[2023-04-17 16:54:59.843 +07:00  INF]  Request starting HTTP/2 GET https://localhost:7251/ - -
[2023-04-17 16:55:01.922 +07:00  ERR]  Couldn't start the SPA development server with command 'npm start'.
[2023-04-17 16:55:03.957 +07:00  INF]  No SPA development server running at https://localhost:44467 found.
[2023-04-17 16:55:03.996 +07:00  INF]  SPA proxy is not ready. Returning temporary landing page.
[2023-04-17 16:55:03.997 +07:00  INF]  Request finished HTTP/2 GET https://localhost:7251/ - - - 200 - text/html 4154.0052ms
[2023-04-17 16:55:04.066 +07:00  INF]  Request starting HTTP/2 GET https://localhost:7251/favicon.ico - -
[2023-04-17 16:55:04.068 +07:00  INF]  Request finished HTTP/2 GET https://localhost:7251/favicon.ico - - - 403 - - 2.4424ms
[2023-04-17 16:55:07.064 +07:00  INF]  Request starting HTTP/2 GET https://localhost:7251/ - -
[2023-04-17 16:55:09.089 +07:00  ERR]  Couldn't start the SPA development server with command 'npm start'.
[2023-04-17 16:55:11.179 +07:00  INF]  No SPA development server running at https://localhost:44467 found.
[2023-04-17 16:55:11.222 +07:00  INF]  SPA proxy is not ready. Returning temporary landing page.
[2023-04-17 16:55:11.223 +07:00  INF]  Request finished HTTP/2 GET https://localhost:7251/ - - - 200 - text/html 4159.5630ms
[2023-04-17 16:55:11.299 +07:00  INF]  Request starting HTTP/2 GET https://localhost:7251/favicon.ico - -
[2023-04-17 16:55:11.300 +07:00  INF]  Request finished HTTP/2 GET https://localhost:7251/favicon.ico - - - 403 - - 0.4311ms
[2023-04-17 16:55:14.275 +07:00  INF]  Request starting HTTP/2 GET https://localhost:7251/ - -
[2023-04-17 16:55:16.353 +07:00  ERR]  Couldn't start the SPA development server with command 'npm start'.
[2023-04-17 16:55:18.368 +07:00  INF]  No SPA development server running at https://localhost:44467 found.
[2023-04-17 16:55:18.409 +07:00  INF]  SPA proxy is not ready. Returning temporary landing page.
[2023-04-17 16:55:18.410 +07:00  INF]  Request finished HTTP/2 GET https://localhost:7251/ - - - 200 - text/html 4134.8713ms
[2023-04-17 16:55:18.513 +07:00  INF]  Request starting HTTP/2 GET https://localhost:7251/favicon.ico - -
[2023-04-17 16:55:18.514 +07:00  INF]  Request finished HTTP/2 GET https://localhost:7251/favicon.ico - - - 403 - - 0.5333ms
[2023-04-17 16:55:21.476 +07:00  INF]  Request starting HTTP/2 GET https://localhost:7251/ - -
[2023-04-17 16:55:23.479 +07:00  ERR]  Couldn't start the SPA development server with command 'npm start'.
[2023-04-17 16:55:25.535 +07:00  INF]  No SPA development server running at https://localhost:44467 found.
[2023-04-17 16:55:25.578 +07:00  INF]  SPA proxy is not ready. Returning temporary landing page.
[2023-04-17 16:55:25.579 +07:00  INF]  Request finished HTTP/2 GET https://localhost:7251/ - - - 200 - text/html 4103.2674ms
[2023-04-17 16:55:25.662 +07:00  INF]  Request starting HTTP/2 GET https://localhost:7251/favicon.ico - -
[2023-04-17 16:55:25.662 +07:00  INF]  Request finished HTTP/2 GET https://localhost:7251/favicon.ico - - - 403 - - 0.4230ms
[2023-04-17 16:55:28.643 +07:00  INF]  Request starting HTTP/2 GET https://localhost:7251/ - -
[2023-04-17 16:55:30.692 +07:00  ERR]  Couldn't start the SPA development server with command 'npm start'.
[2023-04-17 16:55:32.745 +07:00  INF]  No SPA development server running at https://localhost:44467 found.
[2023-04-17 16:55:32.801 +07:00  INF]  SPA proxy is not ready. Returning temporary landing page.
[2023-04-17 16:55:32.803 +07:00  INF]  Request finished HTTP/2 GET https://localhost:7251/ - - - 200 - text/html 4158.2084ms
[2023-04-17 16:55:32.916 +07:00  INF]  Request starting HTTP/2 GET https://localhost:7251/favicon.ico - -
[2023-04-17 16:55:32.916 +07:00  INF]  Request finished HTTP/2 GET https://localhost:7251/favicon.ico - - - 403 - - 0.3200ms
[2023-04-17 16:55:34.076 +07:00  INF]  Request starting HTTP/1.1 GET https://localhost:7251/api/post/withPagination - -
[2023-04-17 16:55:34.094 +07:00  INF]  Request finished HTTP/1.1 GET https://localhost:7251/api/post/withPagination - - - 403 - - 18.0675ms
[2023-04-17 16:55:35.891 +07:00  INF]  Request starting HTTP/2 GET https://localhost:7251/ - -
[2023-04-17 16:55:37.889 +07:00  ERR]  Couldn't start the SPA development server with command 'npm start'.
[2023-04-17 16:55:40.006 +07:00  INF]  No SPA development server running at https://localhost:44467 found.
[2023-04-17 16:55:40.046 +07:00  INF]  SPA proxy is not ready. Returning temporary landing page.
[2023-04-17 16:55:40.046 +07:00  INF]  Request finished HTTP/2 GET https://localhost:7251/ - - - 200 - text/html 4155.2586ms
[2023-04-17 16:55:40.164 +07:00  INF]  Request starting HTTP/2 GET https://localhost:7251/favicon.ico - -
[2023-04-17 16:55:40.165 +07:00  INF]  Request finished HTTP/2 GET https://localhost:7251/favicon.ico - - - 403 - - 0.3144ms
[2023-04-17 16:55:43.118 +07:00  INF]  Request starting HTTP/2 GET https://localhost:7251/ - -
[2023-04-17 16:55:45.184 +07:00  ERR]  Couldn't start the SPA development server with command 'npm start'.
[2023-04-17 16:55:47.212 +07:00  INF]  No SPA development server running at https://localhost:44467 found.
[2023-04-17 16:55:47.259 +07:00  INF]  SPA proxy is not ready. Returning temporary landing page.
[2023-04-17 16:55:47.260 +07:00  INF]  Request finished HTTP/2 GET https://localhost:7251/ - - - 200 - text/html 4141.6037ms
[2023-04-17 16:55:47.342 +07:00  INF]  Request starting HTTP/2 GET https://localhost:7251/favicon.ico - -
[2023-04-17 16:55:47.342 +07:00  INF]  Request finished HTTP/2 GET https://localhost:7251/favicon.ico - - - 403 - - 0.4460ms
[2023-04-17 16:55:50.333 +07:00  INF]  Request starting HTTP/2 GET https://localhost:7251/ - -
[2023-04-17 16:55:52.377 +07:00  ERR]  Couldn't start the SPA development server with command 'npm start'.
[2023-04-17 16:55:54.429 +07:00  INF]  No SPA development server running at https://localhost:44467 found.
[2023-04-17 16:55:54.476 +07:00  INF]  SPA proxy is not ready. Returning temporary landing page.
[2023-04-17 16:55:54.477 +07:00  INF]  Request finished HTTP/2 GET https://localhost:7251/ - - - 200 - text/html 4143.3365ms
[2023-04-17 16:55:54.557 +07:00  INF]  Request starting HTTP/2 GET https://localhost:7251/favicon.ico - -
[2023-04-17 16:55:54.558 +07:00  INF]  Request finished HTTP/2 GET https://localhost:7251/favicon.ico - - - 403 - - 0.5301ms
[2023-04-17 16:55:57.530 +07:00  INF]  Request starting HTTP/2 GET https://localhost:7251/ - -
[2023-04-17 16:55:59.583 +07:00  ERR]  Couldn't start the SPA development server with command 'npm start'.
[2023-04-17 16:56:01.630 +07:00  INF]  No SPA development server running at https://localhost:44467 found.
[2023-04-17 16:56:01.678 +07:00  INF]  SPA proxy is not ready. Returning temporary landing page.
[2023-04-17 16:56:01.679 +07:00  INF]  Request finished HTTP/2 GET https://localhost:7251/ - - - 200 - text/html 4149.1117ms
[2023-04-17 16:56:01.752 +07:00  INF]  Request starting HTTP/2 GET https://localhost:7251/favicon.ico - -
[2023-04-17 16:56:01.753 +07:00  INF]  Request finished HTTP/2 GET https://localhost:7251/favicon.ico - - - 403 - - 0.4469ms
[2023-04-17 16:56:04.737 +07:00  INF]  Request starting HTTP/2 GET https://localhost:7251/ - -
[2023-04-17 16:56:06.782 +07:00  ERR]  Couldn't start the SPA development server with command 'npm start'.
[2023-04-17 16:56:22.058 +07:00  INF]  User profile is available. Using 'C:\Users\anhth\AppData\Local\ASP.NET\DataProtection-Keys' as key repository and Windows DPAPI to encrypt keys at rest.
[2023-04-17 16:56:22.186 +07:00  INF]  Now listening on: https://localhost:7251
[2023-04-17 16:56:22.186 +07:00  INF]  Now listening on: http://localhost:5297
[2023-04-17 16:56:22.190 +07:00  INF]  Application started. Press Ctrl+C to shut down.
[2023-04-17 16:56:22.191 +07:00  INF]  Hosting environment: Development
[2023-04-17 16:56:22.191 +07:00  INF]  Content root path: E:\INTERNSHIP\Internship-Training\src\TitanWeb\
[2023-04-17 16:56:22.417 +07:00  INF]  Request starting HTTP/2 GET https://localhost:7251/ - -
[2023-04-17 16:56:26.587 +07:00  INF]  No SPA development server running at https://localhost:44467 found.
[2023-04-17 16:56:26.683 +07:00  INF]  SPA proxy is not ready. Returning temporary landing page.
[2023-04-17 16:56:26.691 +07:00  INF]  Request finished HTTP/2 GET https://localhost:7251/ - - - 200 - text/html 4277.7165ms
[2023-04-17 16:56:26.850 +07:00  INF]  Request starting HTTP/2 GET https://localhost:7251/favicon.ico - -
[2023-04-17 16:56:26.927 +07:00  INF]  Request finished HTTP/2 GET https://localhost:7251/favicon.ico - - - 403 - - 76.9563ms
[2023-04-17 16:56:29.854 +07:00  INF]  Request starting HTTP/2 GET https://localhost:7251/ - -
[2023-04-17 16:56:31.799 +07:00  ERR]  Couldn't start the SPA development server with command 'npm start'.
[2023-04-17 16:56:33.937 +07:00  INF]  No SPA development server running at https://localhost:44467 found.
[2023-04-17 16:56:33.977 +07:00  INF]  SPA proxy is not ready. Returning temporary landing page.
[2023-04-17 16:56:33.977 +07:00  INF]  Request finished HTTP/2 GET https://localhost:7251/ - - - 200 - text/html 4123.6742ms
[2023-04-17 16:56:34.059 +07:00  INF]  Request starting HTTP/2 GET https://localhost:7251/favicon.ico - -
[2023-04-17 16:56:34.060 +07:00  INF]  Request finished HTTP/2 GET https://localhost:7251/favicon.ico - - - 403 - - 0.8767ms
[2023-04-17 16:56:35.816 +07:00  INF]  Request starting HTTP/1.1 GET https://localhost:7251/api/post/withPagination - -
[2023-04-17 16:56:35.843 +07:00  INF]  Executing endpoint 'Fallback {*path:nonfile}'
[2023-04-17 16:56:35.843 +07:00  INF]  Executed endpoint 'Fallback {*path:nonfile}'
[2023-04-17 16:56:35.845 +07:00  ERR]  Router not found.
[2023-04-17 16:56:35.966 +07:00  INF]  Request finished HTTP/1.1 GET https://localhost:7251/api/post/withPagination - - - 404 - application/json 150.1303ms
[2023-04-17 16:56:37.050 +07:00  INF]  Request starting HTTP/2 GET https://localhost:7251/ - -
[2023-04-17 16:56:39.059 +07:00  ERR]  Couldn't start the SPA development server with command 'npm start'.
[2023-04-17 16:56:41.155 +07:00  INF]  No SPA development server running at https://localhost:44467 found.
[2023-04-17 16:56:41.179 +07:00  INF]  SPA proxy is not ready. Returning temporary landing page.
[2023-04-17 16:56:41.179 +07:00  INF]  Request finished HTTP/2 GET https://localhost:7251/ - - - 200 - text/html 4128.6720ms
[2023-04-17 16:56:41.257 +07:00  INF]  Request starting HTTP/2 GET https://localhost:7251/favicon.ico - -
[2023-04-17 16:56:41.257 +07:00  INF]  Request finished HTTP/2 GET https://localhost:7251/favicon.ico - - - 403 - - 0.3687ms
[2023-04-17 16:56:44.251 +07:00  INF]  Request starting HTTP/2 GET https://localhost:7251/ - -
[2023-04-17 16:56:46.257 +07:00  ERR]  Couldn't start the SPA development server with command 'npm start'.
[2023-04-17 16:56:48.302 +07:00  INF]  Request starting HTTP/1.1 GET https://localhost:7251/api/post/1/withPagination - -
[2023-04-17 16:56:48.304 +07:00  INF]  Executing endpoint 'Fallback {*path:nonfile}'
[2023-04-17 16:56:48.304 +07:00  INF]  Executed endpoint 'Fallback {*path:nonfile}'
[2023-04-17 16:56:48.305 +07:00  ERR]  Router not found.
[2023-04-17 16:56:48.305 +07:00  INF]  Request finished HTTP/1.1 GET https://localhost:7251/api/post/1/withPagination - - - 404 - application/json 2.5824ms
[2023-04-17 16:56:48.329 +07:00  INF]  No SPA development server running at https://localhost:44467 found.
[2023-04-17 16:56:48.363 +07:00  INF]  SPA proxy is not ready. Returning temporary landing page.
[2023-04-17 16:56:48.363 +07:00  INF]  Request finished HTTP/2 GET https://localhost:7251/ - - - 200 - text/html 4111.4950ms
[2023-04-17 16:56:48.473 +07:00  INF]  Request starting HTTP/2 GET https://localhost:7251/favicon.ico - -
[2023-04-17 16:56:48.476 +07:00  INF]  Request finished HTTP/2 GET https://localhost:7251/favicon.ico - - - 403 - - 3.2077ms
[2023-04-17 16:56:51.441 +07:00  INF]  Request starting HTTP/2 GET https://localhost:7251/ - -
[2023-04-17 16:56:53.478 +07:00  ERR]  Couldn't start the SPA development server with command 'npm start'.
[2023-04-17 16:56:55.151 +07:00  INF]  Request starting HTTP/1.1 GET https://localhost:7251/api/posts/1/withPagination - -
[2023-04-17 16:56:55.152 +07:00  INF]  Executing endpoint 'Fallback {*path:nonfile}'
[2023-04-17 16:56:55.152 +07:00  INF]  Executed endpoint 'Fallback {*path:nonfile}'
[2023-04-17 16:56:55.152 +07:00  ERR]  Router not found.
[2023-04-17 16:56:55.153 +07:00  INF]  Request finished HTTP/1.1 GET https://localhost:7251/api/posts/1/withPagination - - - 404 - application/json 1.5724ms
[2023-04-17 16:56:55.519 +07:00  INF]  No SPA development server running at https://localhost:44467 found.
[2023-04-17 16:56:55.560 +07:00  INF]  SPA proxy is not ready. Returning temporary landing page.
[2023-04-17 16:56:55.560 +07:00  INF]  Request finished HTTP/2 GET https://localhost:7251/ - - - 200 - text/html 4119.6300ms
[2023-04-17 16:56:55.641 +07:00  INF]  Request starting HTTP/2 GET https://localhost:7251/favicon.ico - -
[2023-04-17 16:56:55.641 +07:00  INF]  Request finished HTTP/2 GET https://localhost:7251/favicon.ico - - - 403 - - 0.4704ms
[2023-04-17 16:56:58.627 +07:00  INF]  Request starting HTTP/2 GET https://localhost:7251/ - -
[2023-04-17 16:57:00.666 +07:00  ERR]  Couldn't start the SPA development server with command 'npm start'.
[2023-04-17 16:57:01.234 +07:00  INF]  Request starting HTTP/1.1 GET https://localhost:7251/api/post/1/withPagination - -
[2023-04-17 16:57:01.235 +07:00  INF]  Executing endpoint 'Fallback {*path:nonfile}'
[2023-04-17 16:57:01.235 +07:00  INF]  Executed endpoint 'Fallback {*path:nonfile}'
[2023-04-17 16:57:01.235 +07:00  ERR]  Router not found.
[2023-04-17 16:57:01.236 +07:00  INF]  Request finished HTTP/1.1 GET https://localhost:7251/api/post/1/withPagination - - - 404 - application/json 1.1305ms
[2023-04-17 16:57:02.690 +07:00  INF]  No SPA development server running at https://localhost:44467 found.
[2023-04-17 16:57:02.729 +07:00  INF]  SPA proxy is not ready. Returning temporary landing page.
[2023-04-17 16:57:02.729 +07:00  INF]  Request finished HTTP/2 GET https://localhost:7251/ - - - 200 - text/html 4102.1893ms
[2023-04-17 16:57:02.813 +07:00  INF]  Request starting HTTP/2 GET https://localhost:7251/favicon.ico - -
[2023-04-17 16:57:02.814 +07:00  INF]  Request finished HTTP/2 GET https://localhost:7251/favicon.ico - - - 403 - - 0.3382ms
[2023-04-17 16:57:05.797 +07:00  INF]  Request starting HTTP/2 GET https://localhost:7251/ - -
[2023-04-17 16:57:07.835 +07:00  ERR]  Couldn't start the SPA development server with command 'npm start'.
[2023-04-17 16:57:09.889 +07:00  INF]  No SPA development server running at https://localhost:44467 found.
[2023-04-17 16:57:09.943 +07:00  INF]  SPA proxy is not ready. Returning temporary landing page.
[2023-04-17 16:57:09.943 +07:00  INF]  Request finished HTTP/2 GET https://localhost:7251/ - - - 200 - text/html 4145.6988ms
[2023-04-17 16:57:10.025 +07:00  INF]  Request starting HTTP/2 GET https://localhost:7251/favicon.ico - -
[2023-04-17 16:57:10.026 +07:00  INF]  Request finished HTTP/2 GET https://localhost:7251/favicon.ico - - - 403 - - 0.3106ms
[2023-04-17 16:57:13.001 +07:00  INF]  Request starting HTTP/2 GET https://localhost:7251/ - -
[2023-04-17 16:57:15.032 +07:00  ERR]  Couldn't start the SPA development server with command 'npm start'.
[2023-04-17 16:57:17.099 +07:00  INF]  No SPA development server running at https://localhost:44467 found.
[2023-04-17 16:57:17.144 +07:00  INF]  SPA proxy is not ready. Returning temporary landing page.
[2023-04-17 16:57:17.144 +07:00  INF]  Request finished HTTP/2 GET https://localhost:7251/ - - - 200 - text/html 4143.5783ms
[2023-04-17 16:57:17.234 +07:00  INF]  Request starting HTTP/2 GET https://localhost:7251/favicon.ico - -
[2023-04-17 16:57:17.234 +07:00  INF]  Request finished HTTP/2 GET https://localhost:7251/favicon.ico - - - 403 - - 0.2790ms
[2023-04-17 16:57:20.210 +07:00  INF]  Request starting HTTP/2 GET https://localhost:7251/ - -
[2023-04-17 16:57:22.223 +07:00  ERR]  Couldn't start the SPA development server with command 'npm start'.
[2023-04-17 16:57:24.308 +07:00  INF]  No SPA development server running at https://localhost:44467 found.
[2023-04-17 16:57:24.360 +07:00  INF]  SPA proxy is not ready. Returning temporary landing page.
[2023-04-17 16:57:24.360 +07:00  INF]  Request finished HTTP/2 GET https://localhost:7251/ - - - 200 - text/html 4150.2972ms
[2023-04-17 16:57:24.438 +07:00  INF]  Request starting HTTP/2 GET https://localhost:7251/favicon.ico - -
[2023-04-17 16:57:24.439 +07:00  INF]  Request finished HTTP/2 GET https://localhost:7251/favicon.ico - - - 403 - - 0.7613ms
[2023-04-17 16:57:27.427 +07:00  INF]  Request starting HTTP/2 GET https://localhost:7251/ - -
[2023-04-17 16:57:29.448 +07:00  ERR]  Couldn't start the SPA development server with command 'npm start'.
[2023-04-17 16:57:31.531 +07:00  INF]  No SPA development server running at https://localhost:44467 found.
[2023-04-17 16:57:31.576 +07:00  INF]  SPA proxy is not ready. Returning temporary landing page.
[2023-04-17 16:57:31.576 +07:00  INF]  Request finished HTTP/2 GET https://localhost:7251/ - - - 200 - text/html 4149.3171ms
[2023-04-17 16:57:31.657 +07:00  INF]  Request starting HTTP/2 GET https://localhost:7251/favicon.ico - -
[2023-04-17 16:57:31.657 +07:00  INF]  Request finished HTTP/2 GET https://localhost:7251/favicon.ico - - - 403 - - 0.2744ms
[2023-04-17 16:57:34.644 +07:00  INF]  Request starting HTTP/2 GET https://localhost:7251/ - -
[2023-04-17 16:57:35.662 +07:00  INF]  Request starting HTTP/1.1 GET https://localhost:7251/api/post/1/typeWithPagination - -
[2023-04-17 16:57:35.662 +07:00  INF]  Executing endpoint 'Fallback {*path:nonfile}'
[2023-04-17 16:57:35.662 +07:00  INF]  Executed endpoint 'Fallback {*path:nonfile}'
[2023-04-17 16:57:35.663 +07:00  ERR]  Router not found.
[2023-04-17 16:57:35.663 +07:00  INF]  Request finished HTTP/1.1 GET https://localhost:7251/api/post/1/typeWithPagination - - - 404 - application/json 0.7979ms
[2023-04-17 16:57:36.674 +07:00  ERR]  Couldn't start the SPA development server with command 'npm start'.
[2023-04-17 16:57:38.729 +07:00  INF]  No SPA development server running at https://localhost:44467 found.
[2023-04-17 16:57:38.765 +07:00  INF]  SPA proxy is not ready. Returning temporary landing page.
[2023-04-17 16:57:38.765 +07:00  INF]  Request finished HTTP/2 GET https://localhost:7251/ - - - 200 - text/html 4121.2012ms
[2023-04-17 16:57:38.861 +07:00  INF]  Request starting HTTP/2 GET https://localhost:7251/favicon.ico - -
[2023-04-17 16:57:38.862 +07:00  INF]  Request finished HTTP/2 GET https://localhost:7251/favicon.ico - - - 403 - - 0.3861ms
[2023-04-17 16:57:41.837 +07:00  INF]  Request starting HTTP/2 GET https://localhost:7251/ - -
[2023-04-17 16:57:43.422 +07:00  INF]  Request starting HTTP/1.1 GET https://localhost:7251/api/post/typeWithPagination/1 - -
[2023-04-17 16:57:43.422 +07:00  INF]  Executing endpoint 'TitanWeb.Controllers.PostController.GetPostByTypeWithPagination (TitanWeb)'
[2023-04-17 16:57:43.470 +07:00  INF]  Route matched with {action = "GetPostByTypeWithPagination", controller = "Post"}. Executing controller action with signature System.Threading.Tasks.Task`1[Microsoft.AspNetCore.Mvc.IActionResult] GetPostByTypeWithPagination(Int32, ApplicationCore.Filer.PaginationFilter) on controller TitanWeb.Controllers.PostController (TitanWeb).
[2023-04-17 16:57:43.852 +07:00  ERR]  Couldn't start the SPA development server with command 'npm start'.
[2023-04-17 16:57:44.405 +07:00  INF]  Get post by type support pagination executing...
[2023-04-17 16:57:45.925 +07:00  INF]  No SPA development server running at https://localhost:44467 found.
[2023-04-17 16:57:45.958 +07:00  INF]  SPA proxy is not ready. Returning temporary landing page.
[2023-04-17 16:57:45.958 +07:00  INF]  Request finished HTTP/2 GET https://localhost:7251/ - - - 200 - text/html 4121.0636ms
[2023-04-17 16:57:46.062 +07:00  INF]  Request starting HTTP/2 GET https://localhost:7251/favicon.ico - -
[2023-04-17 16:57:46.062 +07:00  INF]  Request finished HTTP/2 GET https://localhost:7251/favicon.ico - - - 403 - - 0.2779ms
[2023-04-17 16:57:46.855 +07:00  INF]  Executed DbCommand (142ms) [Parameters=[], CommandType='"Text"', CommandTimeout='30']
SELECT [p].[Id], [p].[Author], [p].[CreatedTime], [p].[FullDescription], [p].[Image], [p].[ShortDescription], [p].[Title], [p].[Type], [p].[Url]
FROM [Post] AS [p]
[2023-04-17 16:57:46.993 +07:00  INF]  Executed DbCommand (2ms) [Parameters=[], CommandType='"Text"', CommandTimeout='30']
SELECT [p].[Id], [p].[Author], [p].[CreatedTime], [p].[FullDescription], [p].[Image], [p].[ShortDescription], [p].[Title], [p].[Type], [p].[Url]
FROM [Post] AS [p]
[2023-04-17 16:57:47.013 +07:00  INF]  Executing OkObjectResult, writing value of type 'ApplicationCore.Wrappers.PagedResponse`1[[System.Collections.Generic.IEnumerable`1[[ApplicationCore.Entities.Post, ApplicationCore, Version=1.0.0.0, Culture=neutral, PublicKeyToken=null]], System.Private.CoreLib, Version=6.0.0.0, Culture=neutral, PublicKeyToken=7cec85d7bea7798e]]'.
[2023-04-17 16:57:47.073 +07:00  INF]  Executed action TitanWeb.Controllers.PostController.GetPostByTypeWithPagination (TitanWeb) in 3598.5956ms
[2023-04-17 16:57:47.073 +07:00  INF]  Executed endpoint 'TitanWeb.Controllers.PostController.GetPostByTypeWithPagination (TitanWeb)'
[2023-04-17 16:57:47.081 +07:00  INF]  Request finished HTTP/1.1 GET https://localhost:7251/api/post/typeWithPagination/1 - - - 200 - application/json;+charset=utf-8 3659.5021ms
[2023-04-17 16:57:49.052 +07:00  INF]  Request starting HTTP/2 GET https://localhost:7251/ - -
[2023-04-17 16:57:51.059 +07:00  ERR]  Couldn't start the SPA development server with command 'npm start'.
[2023-04-17 16:57:53.128 +07:00  INF]  No SPA development server running at https://localhost:44467 found.
[2023-04-17 16:57:53.155 +07:00  INF]  SPA proxy is not ready. Returning temporary landing page.
[2023-04-17 16:57:53.155 +07:00  INF]  Request finished HTTP/2 GET https://localhost:7251/ - - - 200 - text/html 4103.1887ms
[2023-04-17 16:57:53.228 +07:00  INF]  Request starting HTTP/2 GET https://localhost:7251/favicon.ico - -
[2023-04-17 16:57:53.228 +07:00  INF]  Request finished HTTP/2 GET https://localhost:7251/favicon.ico - - - 403 - - 0.2859ms
[2023-04-17 16:57:58.227 +07:00  ERR]  Couldn't start the SPA development server with command 'npm start'.
[2023-04-17 16:57:59.244 +07:00  INF]  Request starting HTTP/1.1 GET https://localhost:7251/api/post/typeWithPagination/1 - -
[2023-04-17 16:57:59.245 +07:00  INF]  Executing endpoint 'TitanWeb.Controllers.PostController.GetPostByTypeWithPagination (TitanWeb)'
[2023-04-17 16:57:59.245 +07:00  INF]  Route matched with {action = "GetPostByTypeWithPagination", controller = "Post"}. Executing controller action with signature System.Threading.Tasks.Task`1[Microsoft.AspNetCore.Mvc.IActionResult] GetPostByTypeWithPagination(Int32, ApplicationCore.Filer.PaginationFilter) on controller TitanWeb.Controllers.PostController (TitanWeb).
[2023-04-17 16:57:59.246 +07:00  INF]  Get post by type support pagination executing...
[2023-04-17 16:57:59.286 +07:00  INF]  Executed DbCommand (38ms) [Parameters=[], CommandType='"Text"', CommandTimeout='30']
SELECT [p].[Id], [p].[Author], [p].[CreatedTime], [p].[FullDescription], [p].[Image], [p].[ShortDescription], [p].[Title], [p].[Type], [p].[Url]
FROM [Post] AS [p]
[2023-04-17 16:57:59.290 +07:00  INF]  Executed DbCommand (0ms) [Parameters=[], CommandType='"Text"', CommandTimeout='30']
SELECT [p].[Id], [p].[Author], [p].[CreatedTime], [p].[FullDescription], [p].[Image], [p].[ShortDescription], [p].[Title], [p].[Type], [p].[Url]
FROM [Post] AS [p]
[2023-04-17 16:57:59.293 +07:00  INF]  Executing OkObjectResult, writing value of type 'ApplicationCore.Wrappers.PagedResponse`1[[System.Collections.Generic.IEnumerable`1[[ApplicationCore.Entities.Post, ApplicationCore, Version=1.0.0.0, Culture=neutral, PublicKeyToken=null]], System.Private.CoreLib, Version=6.0.0.0, Culture=neutral, PublicKeyToken=7cec85d7bea7798e]]'.
[2023-04-17 16:57:59.294 +07:00  INF]  Executed action TitanWeb.Controllers.PostController.GetPostByTypeWithPagination (TitanWeb) in 48.7427ms
[2023-04-17 16:57:59.294 +07:00  INF]  Executed endpoint 'TitanWeb.Controllers.PostController.GetPostByTypeWithPagination (TitanWeb)'
[2023-04-17 16:57:59.294 +07:00  INF]  Request finished HTTP/1.1 GET https://localhost:7251/api/post/typeWithPagination/1 - - - 200 - application/json;+charset=utf-8 49.5867ms
[2023-04-17 17:04:53.759 +07:00  INF]  User profile is available. Using 'C:\Users\anhth\AppData\Local\ASP.NET\DataProtection-Keys' as key repository and Windows DPAPI to encrypt keys at rest.
[2023-04-17 17:04:54.074 +07:00  INF]  Now listening on: https://localhost:7251
[2023-04-17 17:04:54.076 +07:00  INF]  Now listening on: http://localhost:5297
[2023-04-17 17:04:54.091 +07:00  INF]  Application started. Press Ctrl+C to shut down.
[2023-04-17 17:04:54.095 +07:00  INF]  Hosting environment: Development
[2023-04-17 17:04:54.098 +07:00  INF]  Content root path: E:\INTERNSHIP\Internship-Training\src\TitanWeb\
[2023-04-17 17:04:54.769 +07:00  INF]  Request starting HTTP/2 GET https://localhost:7251/ - -
[2023-04-17 17:04:59.003 +07:00  INF]  No SPA development server running at https://localhost:44467 found.
[2023-04-17 17:04:59.165 +07:00  INF]  SPA proxy is not ready. Returning temporary landing page.
[2023-04-17 17:04:59.180 +07:00  INF]  Request finished HTTP/2 GET https://localhost:7251/ - - - 200 - text/html 4418.1987ms
[2023-04-17 17:04:59.369 +07:00  INF]  Request starting HTTP/2 GET https://localhost:7251/favicon.ico - -
[2023-04-17 17:04:59.515 +07:00  INF]  Request finished HTTP/2 GET https://localhost:7251/favicon.ico - - - 403 - - 146.0742ms
[2023-04-17 17:05:02.369 +07:00  INF]  Request starting HTTP/2 GET https://localhost:7251/ - -
[2023-04-17 17:05:04.296 +07:00  ERR]  Couldn't start the SPA development server with command 'npm start'.
[2023-04-17 17:05:06.487 +07:00  INF]  No SPA development server running at https://localhost:44467 found.
[2023-04-17 17:05:06.533 +07:00  INF]  SPA proxy is not ready. Returning temporary landing page.
[2023-04-17 17:05:06.536 +07:00  INF]  Request finished HTTP/2 GET https://localhost:7251/ - - - 200 - text/html 4166.5623ms
[2023-04-17 17:05:06.725 +07:00  INF]  Request starting HTTP/2 GET https://localhost:7251/favicon.ico - -
[2023-04-17 17:05:06.727 +07:00  INF]  Request finished HTTP/2 GET https://localhost:7251/favicon.ico - - - 403 - - 1.9057ms
[2023-04-17 17:05:09.596 +07:00  INF]  Request starting HTTP/2 GET https://localhost:7251/swagger - -
[2023-04-17 17:05:09.633 +07:00  INF]  Request finished HTTP/2 GET https://localhost:7251/swagger - - - 403 - - 36.8530ms
[2023-04-17 17:05:09.707 +07:00  INF]  Request starting HTTP/2 GET https://localhost:7251/ - -
[2023-04-17 17:05:09.748 +07:00  INF]  Request starting HTTP/2 GET https://localhost:7251/favicon.ico - -
[2023-04-17 17:05:09.748 +07:00  INF]  Request finished HTTP/2 GET https://localhost:7251/favicon.ico - - - 403 - - 0.3311ms
[2023-04-17 17:05:11.636 +07:00  ERR]  Couldn't start the SPA development server with command 'npm start'.
[2023-04-17 17:05:13.798 +07:00  INF]  No SPA development server running at https://localhost:44467 found.
[2023-04-17 17:05:13.834 +07:00  INF]  SPA proxy is not ready. Returning temporary landing page.
[2023-04-17 17:05:13.834 +07:00  INF]  Request finished HTTP/2 GET https://localhost:7251/ - - - 200 - text/html 4127.0544ms
[2023-04-17 17:05:13.915 +07:00  INF]  Request starting HTTP/2 GET https://localhost:7251/favicon.ico - -
[2023-04-17 17:05:13.915 +07:00  INF]  Request finished HTTP/2 GET https://localhost:7251/favicon.ico - - - 403 - - 0.3141ms
[2023-04-17 17:05:16.901 +07:00  INF]  Request starting HTTP/2 GET https://localhost:7251/ - -
